<?xml version="1.0" encoding="UTF-8"?>
<!-- Generated by org.testng.reporters.JUnitReportReporter -->
<testsuite hostname="LAPTOP-7OJ40JU5" failures="0" tests="1" name="com.amazon.testscript.AmazonHoverOnMenu" time="5.656" errors="0" timestamp="2023-09-07T16:14:58 PDT" skipped="0">
  <testcase classname="com.amazon.testscript.AmazonHoverOnMenu" name="Hover" time="5.656"/>
  <system-out/>
</testsuite> <!-- com.amazon.testscript.AmazonHoverOnMenu -->
